d:\lib\assimp-5.3.0\build\contrib\zlib\zlibstatic.dir\release\gzlib.obj
d:\lib\assimp-5.3.0\build\contrib\zlib\zlibstatic.dir\release\gzclose.obj
d:\lib\assimp-5.3.0\build\contrib\zlib\zlibstatic.dir\release\inflate.obj
d:\lib\assimp-5.3.0\build\contrib\zlib\zlibstatic.dir\release\crc32.obj
d:\lib\assimp-5.3.0\build\contrib\zlib\zlibstatic.dir\release\uncompr.obj
d:\lib\assimp-5.3.0\build\contrib\zlib\zlibstatic.dir\release\zutil.obj
d:\lib\assimp-5.3.0\build\contrib\zlib\zlibstatic.dir\release\inftrees.obj
d:\lib\assimp-5.3.0\build\contrib\zlib\zlibstatic.dir\release\trees.obj
d:\lib\assimp-5.3.0\build\contrib\zlib\zlibstatic.dir\release\gzread.obj
d:\lib\assimp-5.3.0\build\contrib\zlib\zlibstatic.dir\release\gzwrite.obj
d:\lib\assimp-5.3.0\build\contrib\zlib\zlibstatic.dir\release\adler32.obj
d:\lib\assimp-5.3.0\build\contrib\zlib\zlibstatic.dir\release\inffast.obj
d:\lib\assimp-5.3.0\build\contrib\zlib\zlibstatic.dir\release\compress.obj
d:\lib\assimp-5.3.0\build\contrib\zlib\zlibstatic.dir\release\infback.obj
d:\lib\assimp-5.3.0\build\contrib\zlib\zlibstatic.dir\release\deflate.obj
d:\lib\assimp-5.3.0\build\contrib\zlib\cmakefiles\generate.stamp
d:\lib\assimp-5.3.0\build\contrib\zlib\release\zlibstatic.lib
d:\lib\assimp-5.3.0\build\contrib\zlib\zlibstatic.dir\release\zlibstatic.tlog\cl.10552.write.1.tlog
d:\lib\assimp-5.3.0\build\contrib\zlib\zlibstatic.dir\release\zlibstatic.tlog\cl.command.1.tlog
d:\lib\assimp-5.3.0\build\contrib\zlib\zlibstatic.dir\release\zlibstatic.tlog\cl.items.tlog
d:\lib\assimp-5.3.0\build\contrib\zlib\zlibstatic.dir\release\zlibstatic.tlog\cl.read.1.tlog
d:\lib\assimp-5.3.0\build\contrib\zlib\zlibstatic.dir\release\zlibstatic.tlog\custombuild.command.1.tlog
d:\lib\assimp-5.3.0\build\contrib\zlib\zlibstatic.dir\release\zlibstatic.tlog\custombuild.read.1.tlog
d:\lib\assimp-5.3.0\build\contrib\zlib\zlibstatic.dir\release\zlibstatic.tlog\custombuild.write.1.tlog
d:\lib\assimp-5.3.0\build\contrib\zlib\zlibstatic.dir\release\zlibstatic.tlog\lib-link.read.1.tlog
d:\lib\assimp-5.3.0\build\contrib\zlib\zlibstatic.dir\release\zlibstatic.tlog\lib-link.write.1.tlog
d:\lib\assimp-5.3.0\build\contrib\zlib\zlibstatic.dir\release\zlibstatic.tlog\lib.command.1.tlog
